<?xml version="1.0" encoding="UTF-8"?>
<testsuite name="com.webage.api.PurchaseAPITests" tests="2" skipped="1" failures="0" errors="0" timestamp="2025-08-12T13:34:51" hostname="LABPC" time="2.764">
  <properties/>
  <testcase name="rootWhenValidJwtThen200()" classname="com.webage.api.PurchaseAPITests" time="0.0">
    <skipped/>
  </testcase>
  <testcase name="rootWhenUnauthenticatedThen401()" classname="com.webage.api.PurchaseAPITests" time="2.75"/>
  <system-out><![CDATA[09:34:38.965 [Test worker] INFO org.springframework.test.context.support.AnnotationConfigContextLoaderUtils -- Could not detect default configuration classes for test class [com.webage.api.PurchaseAPITests]: PurchaseAPITests does not declare any static, non-private, non-final, nested classes annotated with @Configuration.
09:34:39.273 [Test worker] INFO org.springframework.boot.test.context.SpringBootTestContextBootstrapper -- Found @SpringBootConfiguration com.webage.App for test class com.webage.api.PurchaseAPITests

  .   ____          _            __ _ _
 /\\ / ___'_ __ _ _(_)_ __  __ _ \ \ \ \
( ( )\___ | '_ | '_| | '_ \/ _` | \ \ \ \
 \\/  ___)| |_)| | | | | || (_| |  ) ) ) )
  '  |____| .__|_| |_|_| |_\__, | / / / /
 =========|_|==============|___/=/_/_/_/

 :: Spring Boot ::                (v3.4.4)

2025-08-12T09:34:40.391-04:00  INFO 10768 --- [    Test worker] com.webage.api.PurchaseAPITests          : Starting PurchaseAPITests using Java 21.0.5 with PID 10768 (started by labadmin in C:\LabFiles\SpringBoot\Lab9\spring-boot-security-resource-server)
2025-08-12T09:34:40.395-04:00  INFO 10768 --- [    Test worker] com.webage.api.PurchaseAPITests          : No active profile set, falling back to 1 default profile: "default"
2025-08-12T09:34:41.974-04:00  INFO 10768 --- [    Test worker] .s.d.r.c.RepositoryConfigurationDelegate : Bootstrapping Spring Data JPA repositories in DEFAULT mode.
2025-08-12T09:34:42.123-04:00  INFO 10768 --- [    Test worker] .s.d.r.c.RepositoryConfigurationDelegate : Finished Spring Data repository scanning in 129 ms. Found 2 JPA repository interfaces.
2025-08-12T09:34:43.468-04:00  INFO 10768 --- [    Test worker] o.s.b.w.embedded.tomcat.TomcatWebServer  : Tomcat initialized with port 0 (http)
2025-08-12T09:34:43.495-04:00  INFO 10768 --- [    Test worker] o.apache.catalina.core.StandardService   : Starting service [Tomcat]
2025-08-12T09:34:43.496-04:00  INFO 10768 --- [    Test worker] o.apache.catalina.core.StandardEngine    : Starting Servlet engine: [Apache Tomcat/10.1.39]
2025-08-12T09:34:43.627-04:00  INFO 10768 --- [    Test worker] o.a.c.c.C.[Tomcat].[localhost].[/]       : Initializing Spring embedded WebApplicationContext
2025-08-12T09:34:43.629-04:00  INFO 10768 --- [    Test worker] w.s.c.ServletWebServerApplicationContext : Root WebApplicationContext: initialization completed in 3165 ms
2025-08-12T09:34:43.841-04:00  INFO 10768 --- [    Test worker] com.zaxxer.hikari.HikariDataSource       : HikariPool-1 - Starting...
2025-08-12T09:34:44.497-04:00  INFO 10768 --- [    Test worker] com.zaxxer.hikari.pool.PoolBase          : HikariPool-1 - Driver does not support get/set network timeout for connections. (feature not supported)
2025-08-12T09:34:44.498-04:00  INFO 10768 --- [    Test worker] com.zaxxer.hikari.pool.HikariPool        : HikariPool-1 - Added connection org.hsqldb.jdbc.JDBCConnection@7534785a
2025-08-12T09:34:44.504-04:00  INFO 10768 --- [    Test worker] com.zaxxer.hikari.HikariDataSource       : HikariPool-1 - Start completed.
2025-08-12T09:34:44.818-04:00  INFO 10768 --- [    Test worker] o.hibernate.jpa.internal.util.LogHelper  : HHH000204: Processing PersistenceUnitInfo [name: default]
2025-08-12T09:34:45.143-04:00  INFO 10768 --- [    Test worker] org.hibernate.Version                    : HHH000412: Hibernate ORM core version 6.6.11.Final
2025-08-12T09:34:45.258-04:00  INFO 10768 --- [    Test worker] o.h.c.internal.RegionFactoryInitiator    : HHH000026: Second-level cache disabled
2025-08-12T09:34:46.096-04:00  INFO 10768 --- [    Test worker] o.s.o.j.p.SpringPersistenceUnitInfo      : No LoadTimeWeaver setup: ignoring JPA class transformer
2025-08-12T09:34:46.292-04:00  INFO 10768 --- [    Test worker] org.hibernate.orm.connections.pooling    : HHH10001005: Database info:
	Database JDBC URL [Connecting through datasource 'HikariDataSource (HikariPool-1)']
	Database driver: undefined/unknown
	Database version: 2.7.3
	Autocommit mode: undefined/unknown
	Isolation level: undefined/unknown
	Minimum pool size: undefined/unknown
	Maximum pool size: undefined/unknown
2025-08-12T09:34:48.276-04:00  INFO 10768 --- [    Test worker] o.h.e.t.j.p.i.JtaPlatformInitiator       : HHH000489: No JTA platform available (set 'hibernate.transaction.jta.platform' to enable JTA platform integration)
2025-08-12T09:34:48.294-04:00  INFO 10768 --- [    Test worker] j.LocalContainerEntityManagerFactoryBean : Initialized JPA EntityManagerFactory for persistence unit 'default'
2025-08-12T09:34:49.016-04:00  WARN 10768 --- [    Test worker] JpaBaseConfiguration$JpaWebConfiguration : spring.jpa.open-in-view is enabled by default. Therefore, database queries may be performed during view rendering. Explicitly configure spring.jpa.open-in-view to disable this warning
2025-08-12T09:34:51.199-04:00  INFO 10768 --- [    Test worker] o.s.b.w.embedded.tomcat.TomcatWebServer  : Tomcat started on port 55184 (http) with context path '/'
2025-08-12T09:34:51.236-04:00  INFO 10768 --- [    Test worker] com.webage.api.PurchaseAPITests          : Started PurchaseAPITests in 11.577 seconds (process running for 14.712)
2025-08-12T09:34:53.627-04:00  INFO 10768 --- [o-auto-1-exec-1] o.a.c.c.C.[Tomcat].[localhost].[/]       : Initializing Spring DispatcherServlet 'dispatcherServlet'
2025-08-12T09:34:53.629-04:00  INFO 10768 --- [o-auto-1-exec-1] o.s.web.servlet.DispatcherServlet        : Initializing Servlet 'dispatcherServlet'
2025-08-12T09:34:53.634-04:00  INFO 10768 --- [o-auto-1-exec-1] o.s.web.servlet.DispatcherServlet        : Completed initialization in 4 ms
]]></system-out>
  <system-err><![CDATA[Mockito is currently self-attaching to enable the inline-mock-maker. This will no longer work in future releases of the JDK. Please add Mockito as an agent to your build what is described in Mockito's documentation: https://javadoc.io/doc/org.mockito/mockito-core/latest/org/mockito/Mockito.html#0.3
WARNING: A Java agent has been loaded dynamically (C:\Users\labadmin\.gradle\caches\modules-2\files-2.1\net.bytebuddy\byte-buddy-agent\1.15.11\a38b16385e867f59a641330f0362ebe742788ed8\byte-buddy-agent-1.15.11.jar)
WARNING: If a serviceability tool is in use, please run with -XX:+EnableDynamicAgentLoading to hide this warning
WARNING: If a serviceability tool is not in use, please run with -Djdk.instrument.traceUsage for more information
WARNING: Dynamic loading of agents will be disallowed by default in a future release
]]></system-err>
</testsuite>
