<?xml version="1.0" encoding="UTF-8"?>
<testsuite name="com.webage.dao.ResourceServerDaoImplTests" tests="1" skipped="0" failures="0" errors="0" timestamp="2025-08-12T14:20:02" hostname="LABPC" time="4.026">
  <properties/>
  <testcase name="findAllPurchases()" classname="com.webage.dao.ResourceServerDaoImplTests" time="4.026"/>
  <system-out><![CDATA[10:19:58.434 [Test worker] INFO org.springframework.test.context.support.AnnotationConfigContextLoaderUtils -- Could not detect default configuration classes for test class [com.webage.dao.ResourceServerDaoImplTests]: ResourceServerDaoImplTests does not declare any static, non-private, non-final, nested classes annotated with @Configuration.
10:19:58.742 [Test worker] INFO org.springframework.boot.test.context.SpringBootTestContextBootstrapper -- Found @SpringBootConfiguration com.webage.App for test class com.webage.dao.ResourceServerDaoImplTests

  .   ____          _            __ _ _
 /\\ / ___'_ __ _ _(_)_ __  __ _ \ \ \ \
( ( )\___ | '_ | '_| | '_ \/ _` | \ \ \ \
 \\/  ___)| |_)| | | | | || (_| |  ) ) ) )
  '  |____| .__|_| |_|_| |_\__, | / / / /
 =========|_|==============|___/=/_/_/_/

 :: Spring Boot ::                (v3.4.4)

2025-08-12T10:20:00.265-04:00  INFO 10452 --- [    Test worker] c.webage.dao.ResourceServerDaoImplTests  : Starting ResourceServerDaoImplTests using Java 21.0.5 with PID 10452 (started by labadmin in C:\LabFiles\SpringBoot\Lab9\spring-boot-security-client)
2025-08-12T10:20:00.269-04:00  INFO 10452 --- [    Test worker] c.webage.dao.ResourceServerDaoImplTests  : No active profile set, falling back to 1 default profile: "default"
2025-08-12T10:20:02.777-04:00  INFO 10452 --- [    Test worker] c.webage.dao.ResourceServerDaoImplTests  : Started ResourceServerDaoImplTests in 3.433 seconds (process running for 6.748)
]]></system-out>
  <system-err><![CDATA[Mockito is currently self-attaching to enable the inline-mock-maker. This will no longer work in future releases of the JDK. Please add Mockito as an agent to your build what is described in Mockito's documentation: https://javadoc.io/doc/org.mockito/mockito-core/latest/org/mockito/Mockito.html#0.3
WARNING: A Java agent has been loaded dynamically (C:\Users\labadmin\.gradle\caches\modules-2\files-2.1\net.bytebuddy\byte-buddy-agent\1.15.11\a38b16385e867f59a641330f0362ebe742788ed8\byte-buddy-agent-1.15.11.jar)
WARNING: If a serviceability tool is in use, please run with -XX:+EnableDynamicAgentLoading to hide this warning
WARNING: If a serviceability tool is not in use, please run with -Djdk.instrument.traceUsage for more information
WARNING: Dynamic loading of agents will be disallowed by default in a future release
SLF4J: No SLF4J providers were found.
SLF4J: Defaulting to no-operation (NOP) logger implementation
SLF4J: See https://www.slf4j.org/codes.html#noProviders for further details.
SLF4J: Class path contains SLF4J bindings targeting slf4j-api versions 1.7.x or earlier.
SLF4J: Ignoring binding found at [jar:file:/C:/Users/labadmin/.gradle/caches/modules-2/files-2.1/org.wiremock/wiremock-standalone/3.0.1/6b54f1bb43eb24530490348d26c1c3d5454af873/wiremock-standalone-3.0.1.jar!/wiremock/org/slf4j/impl/StaticLoggerBinder.class]
SLF4J: See https://www.slf4j.org/codes.html#ignoredBindings for an explanation.
]]></system-err>
</testsuite>
